<?xml version="1.0" encoding="utf-8"?><testsuites><testsuite name="pytest" errors="0" failures="0" skipped="0" tests="5" time="0.166" timestamp="2022-09-14T00:01:38.740456" hostname="DESKTOP-LJIBKK1"><testcase classname="test_calc.TestCalc" name="test_add_floats" time="0.002" /><testcase classname="test_calc.TestCalc" name="test_add_integers" time="0.001" /><testcase classname="test_calc.TestCalc" name="test_add_string_and_integer" time="0.001" /><testcase classname="test_calc.TestCalc" name="test_add_string_and_number" time="0.001" /><testcase classname="test_calc.TestCalc" name="test_add_strings" time="0.001" /></testsuite></testsuites>